2021-08-27 11:08:35,053:INFO:PyCaret Supervised Module
2021-08-27 11:08:35,053:INFO:ML Usecase: regression
2021-08-27 11:08:35,054:INFO:version 2.3.1
2021-08-27 11:08:35,054:INFO:Initializing setup()
2021-08-27 11:08:35,054:INFO:setup(target=Humidity, ml_usecase=regression, available_plots={'parameter': 'Hyperparameters', 'residuals': 'Residuals', 'error': 'Prediction Error', 'cooks': 'Cooks Distance', 'rfe': 'Feature Selection', 'learning': 'Learning Curve', 'manifold': 'Manifold Learning', 'vc': 'Validation Curve', 'feature': 'Feature Importance', 'feature_all': 'Feature Importance (All)', 'tree': 'Decision Tree', 'residuals_interactive': 'Interactive Residuals'}, train_size=0.7, test_data=None, preprocess=True, imputation_type=simple, iterative_imputation_iters=5, categorical_features=None, categorical_imputation=constant, categorical_iterative_imputer=lightgbm, ordinal_features=None, high_cardinality_features=None, high_cardinality_method=frequency, numeric_features=None, numeric_imputation=mean, numeric_iterative_imputer=lightgbm, date_features=None, ignore_features=None, normalize=False, normalize_method=zscore, transformation=False, transformation_method=yeo-johnson, handle_unknown_categorical=True, unknown_categorical_method=least_frequent, pca=False, pca_method=linear, pca_components=None, ignore_low_variance=False, combine_rare_levels=False, rare_level_threshold=0.1, bin_numeric_features=None, remove_outliers=False, outliers_threshold=0.05, remove_multicollinearity=False, multicollinearity_threshold=0.9, remove_perfect_collinearity=True, create_clusters=False, cluster_iter=20, polynomial_features=False, polynomial_degree=2, trigonometry_features=False, polynomial_threshold=0.1, group_features=None, group_names=None, feature_selection=False, feature_selection_threshold=0.8, feature_selection_method=classic, feature_interaction=False, feature_ratio=False, interaction_threshold=0.01, fix_imbalance=False, fix_imbalance_method=None, transform_target=False, transform_target_method=box-cox, data_split_shuffle=True, data_split_stratify=False, fold_strategy=kfold, fold=10, fold_shuffle=False, fold_groups=None, n_jobs=-1, use_gpu=False, custom_pipeline=None, html=True, session_id=None, log_experiment=False, experiment_name=None, log_plots=False, log_profile=False, log_data=False, silent=False, verbose=True, profile=False, profile_kwargs=None, display=None)
2021-08-27 11:08:35,055:INFO:Checking environment
2021-08-27 11:08:35,056:INFO:python_version: 3.8.5
2021-08-27 11:08:35,056:INFO:python_build: ('default', 'Sep  3 2020 21:29:08')
2021-08-27 11:08:35,056:INFO:machine: AMD64
2021-08-27 11:08:35,056:INFO:platform: Windows-10-10.0.19041-SP0
2021-08-27 11:08:35,056:INFO:Memory: svmem(total=16936042496, available=4339560448, percent=74.4, used=12596482048, free=4339560448)
2021-08-27 11:08:35,056:INFO:Physical Core: 4
2021-08-27 11:08:35,057:INFO:Logical Core: 8
2021-08-27 11:08:35,057:INFO:Checking libraries
2021-08-27 11:08:35,057:INFO:pd==1.0.5
2021-08-27 11:08:35,057:INFO:numpy==1.19.3
2021-08-27 11:08:35,057:INFO:sklearn==0.23.1
2021-08-27 11:08:35,057:INFO:lightgbm==2.3.1
2021-08-27 11:08:35,179:INFO:catboost==0.26.1
2021-08-27 11:08:35,179:INFO:xgboost==1.1.1
2021-08-27 11:08:36,073:INFO:mlflow==1.17.0
2021-08-27 11:08:36,074:INFO:Checking Exceptions
2021-08-27 11:09:12,821:INFO:PyCaret Supervised Module
2021-08-27 11:09:12,821:INFO:ML Usecase: regression
2021-08-27 11:09:12,822:INFO:version 2.3.1
2021-08-27 11:09:12,822:INFO:Initializing setup()
2021-08-27 11:09:12,822:INFO:setup(target=['Humidity'], ml_usecase=regression, available_plots={'parameter': 'Hyperparameters', 'residuals': 'Residuals', 'error': 'Prediction Error', 'cooks': 'Cooks Distance', 'rfe': 'Feature Selection', 'learning': 'Learning Curve', 'manifold': 'Manifold Learning', 'vc': 'Validation Curve', 'feature': 'Feature Importance', 'feature_all': 'Feature Importance (All)', 'tree': 'Decision Tree', 'residuals_interactive': 'Interactive Residuals'}, train_size=0.7, test_data=None, preprocess=True, imputation_type=simple, iterative_imputation_iters=5, categorical_features=None, categorical_imputation=constant, categorical_iterative_imputer=lightgbm, ordinal_features=None, high_cardinality_features=None, high_cardinality_method=frequency, numeric_features=None, numeric_imputation=mean, numeric_iterative_imputer=lightgbm, date_features=None, ignore_features=None, normalize=False, normalize_method=zscore, transformation=False, transformation_method=yeo-johnson, handle_unknown_categorical=True, unknown_categorical_method=least_frequent, pca=False, pca_method=linear, pca_components=None, ignore_low_variance=False, combine_rare_levels=False, rare_level_threshold=0.1, bin_numeric_features=None, remove_outliers=False, outliers_threshold=0.05, remove_multicollinearity=False, multicollinearity_threshold=0.9, remove_perfect_collinearity=True, create_clusters=False, cluster_iter=20, polynomial_features=False, polynomial_degree=2, trigonometry_features=False, polynomial_threshold=0.1, group_features=None, group_names=None, feature_selection=False, feature_selection_threshold=0.8, feature_selection_method=classic, feature_interaction=False, feature_ratio=False, interaction_threshold=0.01, fix_imbalance=False, fix_imbalance_method=None, transform_target=False, transform_target_method=box-cox, data_split_shuffle=True, data_split_stratify=False, fold_strategy=kfold, fold=10, fold_shuffle=False, fold_groups=None, n_jobs=-1, use_gpu=False, custom_pipeline=None, html=True, session_id=None, log_experiment=False, experiment_name=None, log_plots=False, log_profile=False, log_data=False, silent=False, verbose=True, profile=False, profile_kwargs=None, display=None)
2021-08-27 11:09:12,822:INFO:Checking environment
2021-08-27 11:09:12,822:INFO:python_version: 3.8.5
2021-08-27 11:09:12,822:INFO:python_build: ('default', 'Sep  3 2020 21:29:08')
2021-08-27 11:09:12,822:INFO:machine: AMD64
2021-08-27 11:09:12,822:INFO:platform: Windows-10-10.0.19041-SP0
2021-08-27 11:09:12,822:INFO:Memory: svmem(total=16936042496, available=4671807488, percent=72.4, used=12264235008, free=4671807488)
2021-08-27 11:09:12,822:INFO:Physical Core: 4
2021-08-27 11:09:12,822:INFO:Logical Core: 8
2021-08-27 11:09:12,822:INFO:Checking libraries
2021-08-27 11:09:12,822:INFO:pd==1.0.5
2021-08-27 11:09:12,822:INFO:numpy==1.19.3
2021-08-27 11:09:12,822:INFO:sklearn==0.23.1
2021-08-27 11:09:12,822:INFO:lightgbm==2.3.1
2021-08-27 11:09:12,822:INFO:catboost==0.26.1
2021-08-27 11:09:12,822:INFO:xgboost==1.1.1
2021-08-27 11:09:12,822:INFO:mlflow==1.17.0
2021-08-27 11:09:12,822:INFO:Checking Exceptions
2021-08-27 11:09:23,172:INFO:PyCaret Supervised Module
2021-08-27 11:09:23,173:INFO:ML Usecase: regression
2021-08-27 11:09:23,173:INFO:version 2.3.1
2021-08-27 11:09:23,173:INFO:Initializing setup()
2021-08-27 11:09:23,173:INFO:setup(target=Humidity, ml_usecase=regression, available_plots={'parameter': 'Hyperparameters', 'residuals': 'Residuals', 'error': 'Prediction Error', 'cooks': 'Cooks Distance', 'rfe': 'Feature Selection', 'learning': 'Learning Curve', 'manifold': 'Manifold Learning', 'vc': 'Validation Curve', 'feature': 'Feature Importance', 'feature_all': 'Feature Importance (All)', 'tree': 'Decision Tree', 'residuals_interactive': 'Interactive Residuals'}, train_size=0.7, test_data=None, preprocess=True, imputation_type=simple, iterative_imputation_iters=5, categorical_features=None, categorical_imputation=constant, categorical_iterative_imputer=lightgbm, ordinal_features=None, high_cardinality_features=None, high_cardinality_method=frequency, numeric_features=None, numeric_imputation=mean, numeric_iterative_imputer=lightgbm, date_features=None, ignore_features=None, normalize=False, normalize_method=zscore, transformation=False, transformation_method=yeo-johnson, handle_unknown_categorical=True, unknown_categorical_method=least_frequent, pca=False, pca_method=linear, pca_components=None, ignore_low_variance=False, combine_rare_levels=False, rare_level_threshold=0.1, bin_numeric_features=None, remove_outliers=False, outliers_threshold=0.05, remove_multicollinearity=False, multicollinearity_threshold=0.9, remove_perfect_collinearity=True, create_clusters=False, cluster_iter=20, polynomial_features=False, polynomial_degree=2, trigonometry_features=False, polynomial_threshold=0.1, group_features=None, group_names=None, feature_selection=False, feature_selection_threshold=0.8, feature_selection_method=classic, feature_interaction=False, feature_ratio=False, interaction_threshold=0.01, fix_imbalance=False, fix_imbalance_method=None, transform_target=False, transform_target_method=box-cox, data_split_shuffle=True, data_split_stratify=False, fold_strategy=kfold, fold=10, fold_shuffle=False, fold_groups=None, n_jobs=-1, use_gpu=False, custom_pipeline=None, html=True, session_id=None, log_experiment=False, experiment_name=None, log_plots=False, log_profile=False, log_data=False, silent=False, verbose=True, profile=False, profile_kwargs=None, display=None)
2021-08-27 11:09:23,173:INFO:Checking environment
2021-08-27 11:09:23,173:INFO:python_version: 3.8.5
2021-08-27 11:09:23,174:INFO:python_build: ('default', 'Sep  3 2020 21:29:08')
2021-08-27 11:09:23,174:INFO:machine: AMD64
2021-08-27 11:09:23,174:INFO:platform: Windows-10-10.0.19041-SP0
2021-08-27 11:09:23,174:INFO:Memory: svmem(total=16936042496, available=4624220160, percent=72.7, used=12311822336, free=4624220160)
2021-08-27 11:09:23,174:INFO:Physical Core: 4
2021-08-27 11:09:23,174:INFO:Logical Core: 8
2021-08-27 11:09:23,174:INFO:Checking libraries
2021-08-27 11:09:23,174:INFO:pd==1.0.5
2021-08-27 11:09:23,175:INFO:numpy==1.19.3
2021-08-27 11:09:23,175:INFO:sklearn==0.23.1
2021-08-27 11:09:23,175:INFO:lightgbm==2.3.1
2021-08-27 11:09:23,175:INFO:catboost==0.26.1
2021-08-27 11:09:23,175:INFO:xgboost==1.1.1
2021-08-27 11:09:23,175:INFO:mlflow==1.17.0
2021-08-27 11:09:23,175:INFO:Checking Exceptions
2021-08-27 11:10:08,868:INFO:PyCaret Supervised Module
2021-08-27 11:10:08,869:INFO:ML Usecase: regression
2021-08-27 11:10:08,869:INFO:version 2.3.1
2021-08-27 11:10:08,869:INFO:Initializing setup()
2021-08-27 11:10:08,870:INFO:setup(target=Humidity, ml_usecase=regression, available_plots={'parameter': 'Hyperparameters', 'residuals': 'Residuals', 'error': 'Prediction Error', 'cooks': 'Cooks Distance', 'rfe': 'Feature Selection', 'learning': 'Learning Curve', 'manifold': 'Manifold Learning', 'vc': 'Validation Curve', 'feature': 'Feature Importance', 'feature_all': 'Feature Importance (All)', 'tree': 'Decision Tree', 'residuals_interactive': 'Interactive Residuals'}, train_size=0.7, test_data=None, preprocess=True, imputation_type=simple, iterative_imputation_iters=5, categorical_features=None, categorical_imputation=constant, categorical_iterative_imputer=lightgbm, ordinal_features=None, high_cardinality_features=None, high_cardinality_method=frequency, numeric_features=None, numeric_imputation=mean, numeric_iterative_imputer=lightgbm, date_features=None, ignore_features=None, normalize=False, normalize_method=zscore, transformation=False, transformation_method=yeo-johnson, handle_unknown_categorical=True, unknown_categorical_method=least_frequent, pca=False, pca_method=linear, pca_components=None, ignore_low_variance=False, combine_rare_levels=False, rare_level_threshold=0.1, bin_numeric_features=None, remove_outliers=False, outliers_threshold=0.05, remove_multicollinearity=False, multicollinearity_threshold=0.9, remove_perfect_collinearity=True, create_clusters=False, cluster_iter=20, polynomial_features=False, polynomial_degree=2, trigonometry_features=False, polynomial_threshold=0.1, group_features=None, group_names=None, feature_selection=False, feature_selection_threshold=0.8, feature_selection_method=classic, feature_interaction=False, feature_ratio=False, interaction_threshold=0.01, fix_imbalance=False, fix_imbalance_method=None, transform_target=False, transform_target_method=box-cox, data_split_shuffle=True, data_split_stratify=False, fold_strategy=kfold, fold=10, fold_shuffle=False, fold_groups=None, n_jobs=-1, use_gpu=False, custom_pipeline=None, html=True, session_id=None, log_experiment=False, experiment_name=None, log_plots=False, log_profile=False, log_data=False, silent=False, verbose=True, profile=False, profile_kwargs=None, display=None)
2021-08-27 11:10:08,870:INFO:Checking environment
2021-08-27 11:10:08,871:INFO:python_version: 3.8.5
2021-08-27 11:10:08,871:INFO:python_build: ('default', 'Sep  3 2020 21:29:08')
2021-08-27 11:10:08,871:INFO:machine: AMD64
2021-08-27 11:10:08,871:INFO:platform: Windows-10-10.0.19041-SP0
2021-08-27 11:10:08,871:INFO:Memory: svmem(total=16936042496, available=4651094016, percent=72.5, used=12284948480, free=4651094016)
2021-08-27 11:10:08,871:INFO:Physical Core: 4
2021-08-27 11:10:08,871:INFO:Logical Core: 8
2021-08-27 11:10:08,871:INFO:Checking libraries
2021-08-27 11:10:08,871:INFO:pd==1.0.5
2021-08-27 11:10:08,871:INFO:numpy==1.19.3
2021-08-27 11:10:08,871:INFO:sklearn==0.23.1
2021-08-27 11:10:08,871:INFO:lightgbm==2.3.1
2021-08-27 11:10:08,872:INFO:catboost==0.26.1
2021-08-27 11:10:08,872:INFO:xgboost==1.1.1
2021-08-27 11:10:08,872:INFO:mlflow==1.17.0
2021-08-27 11:10:08,872:INFO:Checking Exceptions
2021-08-27 11:10:19,756:INFO:PyCaret Supervised Module
2021-08-27 11:10:19,757:INFO:ML Usecase: regression
2021-08-27 11:10:19,757:INFO:version 2.3.1
2021-08-27 11:10:19,757:INFO:Initializing setup()
2021-08-27 11:10:19,757:INFO:setup(target=Humidity, ml_usecase=regression, available_plots={'parameter': 'Hyperparameters', 'residuals': 'Residuals', 'error': 'Prediction Error', 'cooks': 'Cooks Distance', 'rfe': 'Feature Selection', 'learning': 'Learning Curve', 'manifold': 'Manifold Learning', 'vc': 'Validation Curve', 'feature': 'Feature Importance', 'feature_all': 'Feature Importance (All)', 'tree': 'Decision Tree', 'residuals_interactive': 'Interactive Residuals'}, train_size=0.7, test_data=None, preprocess=True, imputation_type=simple, iterative_imputation_iters=5, categorical_features=None, categorical_imputation=constant, categorical_iterative_imputer=lightgbm, ordinal_features=None, high_cardinality_features=None, high_cardinality_method=frequency, numeric_features=None, numeric_imputation=mean, numeric_iterative_imputer=lightgbm, date_features=None, ignore_features=None, normalize=False, normalize_method=zscore, transformation=False, transformation_method=yeo-johnson, handle_unknown_categorical=True, unknown_categorical_method=least_frequent, pca=False, pca_method=linear, pca_components=None, ignore_low_variance=False, combine_rare_levels=False, rare_level_threshold=0.1, bin_numeric_features=None, remove_outliers=False, outliers_threshold=0.05, remove_multicollinearity=False, multicollinearity_threshold=0.9, remove_perfect_collinearity=True, create_clusters=False, cluster_iter=20, polynomial_features=False, polynomial_degree=2, trigonometry_features=False, polynomial_threshold=0.1, group_features=None, group_names=None, feature_selection=False, feature_selection_threshold=0.8, feature_selection_method=classic, feature_interaction=False, feature_ratio=False, interaction_threshold=0.01, fix_imbalance=False, fix_imbalance_method=None, transform_target=False, transform_target_method=box-cox, data_split_shuffle=True, data_split_stratify=False, fold_strategy=kfold, fold=10, fold_shuffle=False, fold_groups=None, n_jobs=-1, use_gpu=False, custom_pipeline=None, html=True, session_id=None, log_experiment=False, experiment_name=None, log_plots=False, log_profile=False, log_data=False, silent=False, verbose=True, profile=False, profile_kwargs=None, display=None)
2021-08-27 11:10:19,757:INFO:Checking environment
2021-08-27 11:10:19,757:INFO:python_version: 3.8.5
2021-08-27 11:10:19,757:INFO:python_build: ('default', 'Sep  3 2020 21:29:08')
2021-08-27 11:10:19,758:INFO:machine: AMD64
2021-08-27 11:10:19,758:INFO:platform: Windows-10-10.0.19041-SP0
2021-08-27 11:10:19,758:INFO:Memory: svmem(total=16936042496, available=4718563328, percent=72.1, used=12217479168, free=4718563328)
2021-08-27 11:10:19,758:INFO:Physical Core: 4
2021-08-27 11:10:19,758:INFO:Logical Core: 8
2021-08-27 11:10:19,758:INFO:Checking libraries
2021-08-27 11:10:19,758:INFO:pd==1.0.5
2021-08-27 11:10:19,758:INFO:numpy==1.19.3
2021-08-27 11:10:19,758:INFO:sklearn==0.23.1
2021-08-27 11:10:19,758:INFO:lightgbm==2.3.1
2021-08-27 11:10:19,758:INFO:catboost==0.26.1
2021-08-27 11:10:19,758:INFO:xgboost==1.1.1
2021-08-27 11:10:19,758:INFO:mlflow==1.17.0
2021-08-27 11:10:19,758:INFO:Checking Exceptions
2021-08-27 11:10:19,759:INFO:Declaring global variables
2021-08-27 11:10:19,759:INFO:USI: e7b5
2021-08-27 11:10:19,759:INFO:pycaret_globals: {'_all_metrics', 'seed', 'n_jobs_param', 'log_plots_param', 'X', 'data_before_preprocess', 'logging_param', 'X_test', 'gpu_param', 'y_test', 'fix_imbalance_param', 'experiment__', '_available_plots', '_gpu_n_jobs_param', 'USI', 'fold_shuffle_param', 'fold_param', 'y', 'imputation_regressor', '_all_models', 'iterative_imputation_iters_param', 'create_model_container', 'imputation_classifier', 'fix_imbalance_method_param', 'prep_pipe', 'master_model_container', 'fold_groups_param_full', '_all_models_internal', 'pycaret_globals', 'transform_target_method_param', '_internal_pipeline', 'html_param', 'stratify_param', 'target_param', 'y_train', 'exp_name_log', 'fold_generator', 'display_container', 'X_train', 'transform_target_param', '_ml_usecase', 'fold_groups_param'}
2021-08-27 11:10:19,759:INFO:Preparing display monitor
2021-08-27 11:10:19,759:INFO:Preparing display monitor
2021-08-27 11:10:19,779:INFO:Importing libraries
2021-08-27 11:10:19,779:INFO:Copying data for preprocessing
2021-08-27 11:10:19,798:INFO:Declaring preprocessing parameters
2021-08-27 11:10:19,809:INFO:Creating preprocessing pipeline
2021-08-27 11:10:19,940:INFO:Preprocessing pipeline created successfully
2021-08-27 11:10:19,940:ERROR:(Process Exit): setup has been interupted with user command 'quit'. setup must rerun.
2021-08-27 11:10:19,940:INFO:Creating global containers
2021-08-27 11:10:19,941:INFO:Internal pipeline: Pipeline(memory=None, steps=[('empty_step', 'passthrough')], verbose=False)
